{
    "summary": {
        "Runtime": "0.09942660729090373 mins.",
        "Total_Tests": 3,
        "Failed_Tests": 2,
        "Passed_Tests": 1,
        "Disabled_Tests": 0,
        "Test_Run_Result": false
    },
    "tests": [
        {
            "test_execution": [
                " Test Step : Check addition",
                " Expected : Check Passed",
                " Test Step : Check substraction",
                " Expected : Check Passed",
                " Test Step : Check product",
                " Expected : Check Passed",
                " Test Step : Check quotient",
                " Expected : Check Passed",
                " Test Step : Check Not Equal",
                " Expected : Check Passed",
                " Test Step : Check Greater Equal",
                " Expected : Check Passed"
            ],
            "test_details": [
                "Demo test to show the functionality of PTF"
            ],
            "test_name": "SWT_DEMO_TEST_01v1__each",
            "test_duration": "1002.0999908447266 msec",
            "test_date": "Thu Jun 28 11:21:10 2018",
            "test_status": "FAILED",
            "test_verifies": [
                "L3SW_xxxx"
            ],
            "test_tags": [
                "requirement"
            ],
            "test_failure": "['Substraction error !!', 'Multiplication error !!', 'Greater Equal error !!']"
        },
        {
            "test_execution": [
                " Test Step : Setting-up expected values for height, width and channel",
                " Test Step : Setting-up path for stored images",
                " Test Step : Creating instance of video capture object",
                " Expected : Object created successfully",
                " Test Step : Opening up captures object",
                " Expected : Object opened successfully",
                " Test Step : Check all images in a loop and performing following steps for ",
                " Test Step : each image",
                " Test Step : 1. Check the resolution of the image",
                " Test Step : 2. Put the image (actual) resolution in an array",
                " Test Step : 3. Now compare actual resolution with expected resolution",
                " Expected : Actual resolution shall be equal to expected one for each image",
                " Test Step : Check if any error frame found",
                " Expected : No error frame shall be present"
            ],
            "test_details": [
                "The test will verify this requirement by verifying the output ",
                "image resolution and the result is dumped into log file for ",
                "the detail verification."
            ],
            "test_name": "SWT_VISU_IMG_RESOLUTION_FAILv1__each",
            "test_duration": "1732.172966003418 msec",
            "test_date": "Thu Jun 28 11:21:12 2018",
            "test_status": "FAILED",
            "test_verifies": [
                "L3SW_SVU2x0_SV_841"
            ],
            "test_tags": [
                "requirement",
                "design-driven",
                "blackbox",
                "regression"
            ],
            "test_failure": "['error_frame_count != 0']"
        },
        {
            "test_execution": [
                " Test Step : Setting-up expected values for height, width and channel",
                " Test Step : Setting-up path for stored images",
                " Test Step : Creating instance of video capture object",
                " Expected : Object created successfully",
                " Test Step : Opening up captures object",
                " Expected : Object opened successfully",
                " Test Step : Check all images in a loop and performing following steps for ",
                " Test Step : each image",
                " Test Step : 1. Check the resolution of the image",
                " Test Step : 2. Put the image (actual) resolution in an array",
                " Test Step : 3. Now compare actual resolution with expected resolution",
                " Expected : Actual resolution shall be equal to expected one for each image",
                " Test Step : Check if any error frame found",
                " Expected : No error frame shall be present"
            ],
            "test_details": [
                "The test will verify this requirement by verifying the output ",
                "image resolution",
                "and the result is dumped into log file for the detail ",
                "verification"
            ],
            "test_name": "SWT_VISU_IMG_RESOLUTION_PASSv1__each",
            "test_duration": "1643.1643962860107 msec",
            "test_date": "Thu Jun 28 11:21:14 2018",
            "test_status": "PASSED",
            "test_verifies": [
                "L3SW_SVU2x0_SV_841"
            ],
            "test_tags": [
                "requirement",
                "design-driven",
                "blackbox",
                "regression"
            ],
            "test_failure": null
        }
    ]
}