{
    "$schema": "https://cip-config.cmo.conti.de/v2/configuration/contest/json_report_schema/1.0/schemas/test_report_schema.json",
    "summary": {
        "Runtime": 0.027412048975626626,
        "Total_Tests": 3,
        "Failed_Tests": 3,
        "Passed_Tests": 0,
        "Inconclusive_Tests": 0,
        "Skipped_Tests": 0,
        "Ignored_Tests": 0,
        "Missing_Tests": 0,
        "Test_Run_Result": false,
        "Test_Environment": "ConTest_v4.1.0",
        "Machine": "NA",
        "User": "uig44320",
        "Reporting_Parameters": {}
    },
    "tests": [
        {
            "test_execution": [],
            "test_type": "python",
            "test_details": [],
            "precondition": [],
            "test_name": "global_setup",
            "test_duration": 0.0,
            "test_date": "Mon Feb 10 18:16:03 2025",
            "test_status": "FAILED",
            "test_verifies": [],
            "automates_id": [],
            "test_tags": [],
            "canoe_test_case_details": [],
            "meta_data_files": [],
            "test_warnings": [],
            "test_failure": "name 'carmaker_utils' is not defined",
            "test_skip_reason": null
        },
        {
            "test_execution": [],
            "test_type": "python",
            "test_details": [],
            "precondition": [],
            "test_name": "SWT_SAMPLE_TESTv1(index: 0)",
            "test_duration": 24.31178092956543,
            "test_date": "Mon Feb 10 18:16:03 2025",
            "test_status": "FAILED",
            "test_verifies": [
                "Mention requirement satisfied by this test case"
            ],
            "automates_id": [],
            "test_tags": [
                "blackbox",
                "hil",
                "integration",
                "parameterized",
                "python",
                "sil"
            ],
            "canoe_test_case_details": [],
            "meta_data_files": [],
            "test_warnings": [],
            "test_failure": "Execution of 'SWT_SAMPLE_TESTv1(index: 0)' did not happen due to failure in 'global_setup' function",
            "test_skip_reason": null
        },
        {
            "test_execution": [],
            "test_type": "python",
            "test_details": [],
            "precondition": [],
            "test_name": "global_teardown",
            "test_duration": 0.0,
            "test_date": "Mon Feb 10 18:16:04 2025",
            "test_status": "FAILED",
            "test_verifies": [],
            "automates_id": [],
            "test_tags": [],
            "canoe_test_case_details": [],
            "meta_data_files": [],
            "test_warnings": [],
            "test_failure": "\"Key 'carmaker' is not found in global, local or report parameter list. Please check if you have created this key in global or local setups.\"",
            "test_skip_reason": null
        }
    ]
}